\BOOKMARK [0][-]{chapter.1}{}{}% 1
\BOOKMARK [1][-]{section.1.1}{ }{chapter.1}% 2
\BOOKMARK [1][-]{section.1.2}{ }{chapter.1}% 3
\BOOKMARK [1][-]{section.1.3}{}{chapter.1}% 4
\BOOKMARK [0][-]{chapter.2}{ \040}{}% 5
\BOOKMARK [1][-]{section.2.1}{Latent Dirichlet allocation}{chapter.2}% 6
\BOOKMARK [2][-]{subsection.2.1.1}{ }{section.2.1}% 7
\BOOKMARK [2][-]{subsection.2.1.2}{ \040 \040- \040 }{section.2.1}% 8
\BOOKMARK [0][-]{chapter.3}{ }{}% 9
\BOOKMARK [1][-]{section.3.1}{ }{chapter.3}% 10
\BOOKMARK [2][-]{subsection.3.1.1}{ }{section.3.1}% 11
\BOOKMARK [2][-]{subsection.3.1.2}{ }{section.3.1}% 12
\BOOKMARK [2][-]{subsection.3.1.3}{ }{section.3.1}% 13
\BOOKMARK [3][-]{subsubsection.3.1.3.1}{ \040}{subsection.3.1.3}% 14
\BOOKMARK [3][-]{subsubsection.3.1.3.2}{ \040}{subsection.3.1.3}% 15
\BOOKMARK [3][-]{subsubsection.3.1.3.3}{ \040}{subsection.3.1.3}% 16
\BOOKMARK [1][-]{section.3.2}{ }{chapter.3}% 17
\BOOKMARK [2][-]{subsection.3.2.1}{ \040\(. multinomial \) }{section.3.2}% 18
\BOOKMARK [2][-]{subsection.3.2.2}{ }{section.3.2}% 19
\BOOKMARK [1][-]{section.3.3}{ }{chapter.3}% 20
\BOOKMARK [2][-]{subsection.3.3.1}{ }{section.3.3}% 21
\BOOKMARK [1][-]{section.3.4}{ \040 }{chapter.3}% 22
\BOOKMARK [2][-]{subsection.3.4.1}{ - }{section.3.4}% 23
\BOOKMARK [2][-]{subsection.3.4.2}{ \040 \040 }{section.3.4}% 24
\BOOKMARK [0][-]{chapter.4}{ \040 \040 \040}{}% 25
\BOOKMARK [1][-]{section.4.1}{ }{chapter.4}% 26
\BOOKMARK [1][-]{section.4.2}{ }{chapter.4}% 27
\BOOKMARK [0][-]{chapter.5}{}{}% 28
\BOOKMARK [1][-]{section.5.1}{ \040 \040 }{chapter.5}% 29
\BOOKMARK [2][-]{subsection.5.1.1}{ \040 }{section.5.1}% 30
\BOOKMARK [2][-]{subsection.5.1.2}{ \040 }{section.5.1}% 31
\BOOKMARK [2][-]{subsection.5.1.3}{ \040 \040}{section.5.1}% 32
\BOOKMARK [2][-]{subsection.5.1.4}{ \040 \040 }{section.5.1}% 33
